<?xml version="1.0" encoding="UTF-8"?>
<coverage generated="1769045836924" clover="3.2.0">
  <project timestamp="1769045836925" name="All files">
    <metrics statements="18" coveredstatements="18" conditionals="12" coveredconditionals="9" methods="6" coveredmethods="6" elements="36" coveredelements="33" complexity="0" loc="18" ncloc="18" packages="3" files="4" classes="4"/>
    <package name="config.plugins">
      <metrics statements="3" coveredstatements="3" conditionals="2" coveredconditionals="1" methods="1" coveredmethods="1"/>
      <file name="yargs.plugin.ts" path="C:\Cursos_Programacion\curso_nodeJS\05-multiplication-app\src\config\plugins\yargs.plugin.ts">
        <metrics statements="3" coveredstatements="3" conditionals="2" coveredconditionals="1" methods="1" coveredmethods="1"/>
        <line num="5" count="2" type="stmt"/>
        <line num="44" count="2" type="cond" truecount="1" falsecount="1"/>
        <line num="46" count="2" type="stmt"/>
      </file>
    </package>
    <package name="domain.use-cases">
      <metrics statements="10" coveredstatements="10" conditionals="6" coveredconditionals="6" methods="4" coveredmethods="4"/>
      <file name="create-table.use-case.ts" path="C:\Cursos_Programacion\curso_nodeJS\05-multiplication-app\src\domain\use-cases\create-table.use-case.ts">
        <metrics statements="5" coveredstatements="5" conditionals="3" coveredconditionals="3" methods="2" coveredmethods="2"/>
        <line num="32" count="3" type="stmt"/>
        <line num="33" count="3" type="stmt"/>
        <line num="34" count="40" type="stmt"/>
        <line num="35" count="40" type="cond" truecount="2" falsecount="0"/>
        <line num="37" count="3" type="stmt"/>
      </file>
      <file name="save-file-use-case.ts" path="C:\Cursos_Programacion\curso_nodeJS\05-multiplication-app\src\domain\use-cases\save-file-use-case.ts">
        <metrics statements="5" coveredstatements="5" conditionals="3" coveredconditionals="3" methods="2" coveredmethods="2"/>
        <line num="26" count="5" type="stmt"/>
        <line num="27" count="5" type="stmt"/>
        <line num="28" count="4" type="stmt"/>
        <line num="30" count="3" type="stmt"/>
        <line num="33" count="2" type="stmt"/>
      </file>
    </package>
    <package name="presentation">
      <metrics statements="5" coveredstatements="5" conditionals="4" coveredconditionals="2" methods="1" coveredmethods="1"/>
      <file name="server-app.ts" path="C:\Cursos_Programacion\curso_nodeJS\05-multiplication-app\src\presentation\server-app.ts">
        <metrics statements="5" coveredstatements="5" conditionals="4" coveredconditionals="2" methods="1" coveredmethods="1"/>
        <line num="15" count="1" type="stmt"/>
        <line num="18" count="1" type="stmt"/>
        <line num="19" count="1" type="stmt"/>
        <line num="21" count="1" type="cond" truecount="1" falsecount="1"/>
        <line num="23" count="1" type="cond" truecount="1" falsecount="1"/>
      </file>
    </package>
  </project>
</coverage>
