{"C:\\Cursos_Programacion\\curso_nodeJS\\05-multiplication-app\\src\\config\\plugins\\yargs.plugin.ts": {"path":"C:\\Cursos_Programacion\\curso_nodeJS\\05-multiplication-app\\src\\config\\plugins\\yargs.plugin.ts","statementMap":{"0":{"start":{"line":5,"column":20},"end":{"line":48,"column":16}},"1":{"start":{"line":44,"column":8},"end":{"line":44,"column":67}},"2":{"start":{"line":44,"column":24},"end":{"line":44,"column":67}},"3":{"start":{"line":46,"column":8},"end":{"line":46,"column":20}}},"fnMap":{"0":{"name":"(anonymous_0)","decl":{"start":{"line":43,"column":11},"end":{"line":43,"column":12}},"loc":{"start":{"line":43,"column":29},"end":{"line":47,"column":5}}}},"branchMap":{"0":{"loc":{"start":{"line":44,"column":8},"end":{"line":44,"column":67}},"type":"if","locations":[{"start":{"line":44,"column":8},"end":{"line":44,"column":67}},{"start":{},"end":{}}]}},"s":{"0":2,"1":2,"2":0,"3":2},"f":{"0":2},"b":{"0":[0,2]}}
,"C:\\Cursos_Programacion\\curso_nodeJS\\05-multiplication-app\\src\\domain\\use-cases\\create-table.use-case.ts": {"path":"C:\\Cursos_Programacion\\curso_nodeJS\\05-multiplication-app\\src\\domain\\use-cases\\create-table.use-case.ts","statementMap":{"0":{"start":{"line":32,"column":36},"end":{"line":32,"column":38}},"1":{"start":{"line":33,"column":8},"end":{"line":36,"column":9}},"2":{"start":{"line":33,"column":22},"end":{"line":33,"column":23}},"3":{"start":{"line":34,"column":12},"end":{"line":34,"column":null}},"4":{"start":{"line":35,"column":12},"end":{"line":35,"column":51}},"5":{"start":{"line":35,"column":29},"end":{"line":35,"column":51}},"6":{"start":{"line":37,"column":8},"end":{"line":37,"column":29}}},"fnMap":{"0":{"name":"(anonymous_0)","decl":{"start":{"line":23,"column":4},"end":{"line":23,"column":null}},"loc":{"start":{"line":29,"column":6},"end":{"line":29,"column":7}}},"1":{"name":"(anonymous_1)","decl":{"start":{"line":31,"column":4},"end":{"line":31,"column":11}},"loc":{"start":{"line":31,"column":52},"end":{"line":38,"column":5}}}},"branchMap":{"0":{"loc":{"start":{"line":31,"column":20},"end":{"line":31,"column":30}},"type":"default-arg","locations":[{"start":{"line":31,"column":28},"end":{"line":31,"column":30}}]},"1":{"loc":{"start":{"line":35,"column":12},"end":{"line":35,"column":51}},"type":"if","locations":[{"start":{"line":35,"column":12},"end":{"line":35,"column":51}},{"start":{},"end":{}}]}},"s":{"0":3,"1":3,"2":3,"3":40,"4":40,"5":37,"6":3},"f":{"0":3,"1":3},"b":{"0":[1],"1":[37,3]}}
,"C:\\Cursos_Programacion\\curso_nodeJS\\05-multiplication-app\\src\\domain\\use-cases\\save-file-use-case.ts": {"path":"C:\\Cursos_Programacion\\curso_nodeJS\\05-multiplication-app\\src\\domain\\use-cases\\save-file-use-case.ts","statementMap":{"0":{"start":{"line":26,"column":8},"end":{"line":34,"column":9}},"1":{"start":{"line":27,"column":12},"end":{"line":27,"column":null}},"2":{"start":{"line":28,"column":12},"end":{"line":28,"column":93}},"3":{"start":{"line":30,"column":12},"end":{"line":30,"column":24}},"4":{"start":{"line":33,"column":12},"end":{"line":33,"column":25}}},"fnMap":{"0":{"name":"(anonymous_0)","decl":{"start":{"line":16,"column":4},"end":{"line":16,"column":null}},"loc":{"start":{"line":18,"column":6},"end":{"line":18,"column":7}}},"1":{"name":"(anonymous_1)","decl":{"start":{"line":20,"column":4},"end":{"line":20,"column":11}},"loc":{"start":{"line":25,"column":14},"end":{"line":35,"column":5}}}},"branchMap":{"0":{"loc":{"start":{"line":22,"column":8},"end":{"line":22,"column":41}},"type":"default-arg","locations":[{"start":{"line":22,"column":19},"end":{"line":22,"column":41}}]},"1":{"loc":{"start":{"line":23,"column":8},"end":{"line":23,"column":41}},"type":"default-arg","locations":[{"start":{"line":23,"column":26},"end":{"line":23,"column":41}}]},"2":{"loc":{"start":{"line":24,"column":8},"end":{"line":24,"column":29}},"type":"default-arg","locations":[{"start":{"line":24,"column":24},"end":{"line":24,"column":29}}]}},"s":{"0":5,"1":5,"2":4,"3":3,"4":2},"f":{"0":5,"1":5},"b":{"0":[2],"1":[1],"2":[2]}}
,"C:\\Cursos_Programacion\\curso_nodeJS\\05-multiplication-app\\src\\presentation\\server-app.ts": {"path":"C:\\Cursos_Programacion\\curso_nodeJS\\05-multiplication-app\\src\\presentation\\server-app.ts","statementMap":{"0":{"start":{"line":15,"column":8},"end":{"line":15,"column":41}},"1":{"start":{"line":18,"column":22},"end":{"line":18,"column":64}},"2":{"start":{"line":19,"column":27},"end":{"line":19,"column":115}},"3":{"start":{"line":21,"column":8},"end":{"line":21,"column":44}},"4":{"start":{"line":21,"column":25},"end":{"line":21,"column":44}},"5":{"start":{"line":23,"column":8},"end":{"line":25,"column":49}}},"fnMap":{"0":{"name":"(anonymous_0)","decl":{"start":{"line":14,"column":4},"end":{"line":14,"column":10}},"loc":{"start":{"line":14,"column":94},"end":{"line":26,"column":5}}}},"branchMap":{"0":{"loc":{"start":{"line":21,"column":8},"end":{"line":21,"column":44}},"type":"if","locations":[{"start":{"line":21,"column":8},"end":{"line":21,"column":44}},{"start":{},"end":{}}]},"1":{"loc":{"start":{"line":23,"column":8},"end":{"line":25,"column":48}},"type":"cond-expr","locations":[{"start":{"line":24,"column":14},"end":{"line":24,"column":42}},{"start":{"line":25,"column":14},"end":{"line":25,"column":48}}]}},"s":{"0":1,"1":1,"2":1,"3":1,"4":0,"5":1},"f":{"0":1},"b":{"0":[0,1],"1":[1,0]}}
}
