TN:
SF:src\config\plugins\yargs.plugin.ts
FN:43,(anonymous_0)
FNF:1
FNH:1
FNDA:2,(anonymous_0)
DA:5,2
DA:44,2
DA:46,2
LF:3
LH:3
BRDA:44,0,0,0
BRDA:44,0,1,2
BRF:2
BRH:1
end_of_record
TN:
SF:src\domain\use-cases\create-table.use-case.ts
FN:23,(anonymous_0)
FN:31,(anonymous_1)
FNF:2
FNH:2
FNDA:3,(anonymous_0)
FNDA:3,(anonymous_1)
DA:32,3
DA:33,3
DA:34,40
DA:35,40
DA:37,3
LF:5
LH:5
BRDA:31,0,0,1
BRDA:35,1,0,37
BRDA:35,1,1,3
BRF:3
BRH:3
end_of_record
TN:
SF:src\domain\use-cases\save-file-use-case.ts
FN:16,(anonymous_0)
FN:20,(anonymous_1)
FNF:2
FNH:2
FNDA:5,(anonymous_0)
FNDA:5,(anonymous_1)
DA:26,5
DA:27,5
DA:28,4
DA:30,3
DA:33,2
LF:5
LH:5
BRDA:22,0,0,2
BRDA:23,1,0,1
BRDA:24,2,0,2
BRF:3
BRH:3
end_of_record
TN:
SF:src\presentation\server-app.ts
FN:14,(anonymous_0)
FNF:1
FNH:1
FNDA:1,(anonymous_0)
DA:15,1
DA:18,1
DA:19,1
DA:21,1
DA:23,1
LF:5
LH:5
BRDA:21,0,0,0
BRDA:21,0,1,1
BRDA:23,1,0,1
BRDA:23,1,1,0
BRF:4
BRH:2
end_of_record
